C51 COMPILER V9.54   DELAY                                                                 10/10/2024 15:18:39 PAGE 1   


C51 COMPILER V9.54, COMPILATION OF MODULE DELAY
OBJECT MODULE PLACED IN .\Objects\Delay.obj
COMPILER INVOKED BY: C:\Keil_v5\C51\BIN\C51.EXE Delay.c OPTIMIZE(8,SPEED) BROWSE DEBUG OBJECTEXTEND PRINT(.\Listings\Del
                    -ay.lst) OBJECT(.\Objects\Delay.obj)

line level    source

   1          #include        "config.h"
   2          
   3          void Delay_us(u16 j)    //@11.0592MHz
   4          {       
   5   1              while (j--)
   6   1              {
   7   2                      unsigned char data i;
   8   2                      _nop_();
   9   2                      _nop_();
  10   2                      i = 1;
  11   2                      while (--i);
  12   2              }
  13   1              
  14   1              
  15   1      }
  16          void Delay_ms(u16 k)    //@11.0592MHz
  17          {
  18   1              while (k--)
  19   1              {
  20   2                      unsigned char data i, j;
  21   2      
  22   2                      i = 15;
  23   2                      j = 90;
  24   2                      do
  25   2                      {
  26   3                              while (--j);
  27   3                      } while (--i);
  28   2              }
  29   1              
  30   1              
  31   1      }
  32          


MODULE INFORMATION:   STATIC OVERLAYABLE
   CODE SIZE        =     49    ----
   CONSTANT SIZE    =   ----    ----
   XDATA SIZE       =   ----    ----
   PDATA SIZE       =   ----    ----
   DATA SIZE        =   ----       3
   IDATA SIZE       =   ----    ----
   BIT SIZE         =   ----    ----
END OF MODULE INFORMATION.


C51 COMPILATION COMPLETE.  0 WARNING(S),  0 ERROR(S)
