<<<<<<< HEAD
<<<<<<< HEAD
C51 COMPILER V9.54   MAIN                                                                  09/24/2024 11:55:01 PAGE 1   
=======
C51 COMPILER V9.54   MAIN                                                                  09/24/2024 21:25:38 PAGE 1   
>>>>>>> part
=======
C51 COMPILER V9.54   MAIN                                                                  10/10/2024 15:16:29 PAGE 1   
>>>>>>> part


C51 COMPILER V9.54, COMPILATION OF MODULE MAIN
OBJECT MODULE PLACED IN .\Objects\main.obj
COMPILER INVOKED BY: C:\Keil_v5\C51\BIN\C51.EXE main.c OPTIMIZE(8,SPEED) BROWSE DEBUG OBJECTEXTEND PRINT(.\Listings\main
                    -.lst) OBJECT(.\Objects\main.obj)

line level    source

   1          #include <STC8G.H>
   2          #include "OLED.h"
   3          #include "CK.H"
   4          #include "Delay.H"
   5          #include "Dht.h"
   6          float Get_humi=69.12,Get_tem=22.86;
   7          void main(void)
   8          {
   9   1              P_SW2 |= 0x80; 
  10   1              init_IO();
  11   1              init_IIC();
  12   1              OLED_Init();
  13   1              CK_Init();
  14   1              Dht_Init();
  15   1              Delay_ms(1000);
  16   1              OLED_ShowString(0,0,"Tem:");
  17   1              OLED_ShowString(0,2,"Humi:");
  18   1              OLED_ShowString(0,4,"CK_message:");
  19   1              while(1)
  20   1              {       
  21   2                      Delay_ms(1000);
  22   2                      CK_SendBack();
  23   2                      OLED_ShowNum(32,0,Get_tem);
  24   2                      OLED_ShowNum(40,2,Get_humi);
  25   2                      Dht_recivedat(&Get_humi,&Get_tem);
  26   2                      
  27   2                      Delay_ms(1000);
  28   2                      
  29   2              }
  30   1              
  31   1      }


MODULE INFORMATION:   STATIC OVERLAYABLE
   CODE SIZE        =    138    ----
   CONSTANT SIZE    =     23    ----
   XDATA SIZE       =   ----    ----
   PDATA SIZE       =   ----    ----
   DATA SIZE        =      8    ----
   IDATA SIZE       =   ----    ----
   BIT SIZE         =   ----    ----
END OF MODULE INFORMATION.


C51 COMPILATION COMPLETE.  0 WARNING(S),  0 ERROR(S)
